2021-12-04 07:26:52 INFO  [main]: Account with id P8 and balance = 10000 was created
2021-12-04 07:26:52 INFO  [main]: Account with id D9 and balance = 10000 was created
2021-12-04 07:26:52 INFO  [main]: Account with id Q0 and balance = 10000 was created
2021-12-04 07:26:52 INFO  [main]: Account with id K1 and balance = 10000 was created
2021-12-04 07:26:52 INFO  [main]: Total amount on all accounts = 40000
2021-12-04 07:26:53 INFO  [pool-1-thread-2]: Withdraw to account id = Q0. Balance =  10000, withdraw = 1099, new balance = 8901
2021-12-04 07:26:53 INFO  [pool-1-thread-2]: Deposit to account id = K1. Balance =  10000, deposit = 1099, new balance = 11099
2021-12-04 07:26:53 INFO  [pool-1-thread-1]: Withdraw to account id = K1. Balance =  11099, withdraw = 2543, new balance = 8556
2021-12-04 07:26:53 INFO  [pool-1-thread-1]: Deposit to account id = P8. Balance =  10000, deposit = 2543, new balance = 12543
2021-12-04 07:26:54 INFO  [pool-1-thread-2]: Withdraw to account id = K1. Balance =  8556, withdraw = 1007, new balance = 7549
2021-12-04 07:26:54 INFO  [pool-1-thread-2]: Deposit to account id = Q0. Balance =  8901, deposit = 1007, new balance = 9908
2021-12-04 07:26:55 INFO  [pool-1-thread-1]: Withdraw to account id = D9. Balance =  10000, withdraw = 9357, new balance = 643
2021-12-04 07:26:55 INFO  [pool-1-thread-1]: Deposit to account id = K1. Balance =  7549, deposit = 9357, new balance = 16906
2021-12-04 07:26:56 INFO  [pool-1-thread-2]: Withdraw to account id = Q0. Balance =  9908, withdraw = 830, new balance = 9078
2021-12-04 07:26:56 INFO  [pool-1-thread-2]: Deposit to account id = P8. Balance =  12543, deposit = 830, new balance = 13373
2021-12-04 07:26:57 INFO  [pool-1-thread-1]: Withdraw rejected to account id = D9. Balance =  643, withdraw = 6478, not enough funds
2021-12-04 07:26:58 INFO  [pool-1-thread-2]: Withdraw to account id = Q0. Balance =  9078, withdraw = 7344, new balance = 1734
2021-12-04 07:26:58 INFO  [pool-1-thread-2]: Deposit to account id = P8. Balance =  13373, deposit = 7344, new balance = 20717
2021-12-04 07:26:58 INFO  [pool-1-thread-1]: Withdraw to account id = K1. Balance =  16906, withdraw = 274, new balance = 16632
2021-12-04 07:26:58 INFO  [pool-1-thread-1]: Deposit to account id = Q0. Balance =  1734, deposit = 274, new balance = 2008
2021-12-04 07:26:59 INFO  [pool-1-thread-1]: Withdraw to account id = P8. Balance =  20717, withdraw = 2403, new balance = 18314
2021-12-04 07:26:59 INFO  [pool-1-thread-1]: Deposit to account id = D9. Balance =  643, deposit = 2403, new balance = 3046
2021-12-04 07:26:59 INFO  [pool-1-thread-2]: Withdraw to account id = K1. Balance =  16632, withdraw = 3145, new balance = 13487
2021-12-04 07:26:59 INFO  [pool-1-thread-2]: Deposit to account id = Q0. Balance =  2008, deposit = 3145, new balance = 5153
2021-12-04 07:27:00 INFO  [pool-1-thread-1]: Withdraw to account id = Q0. Balance =  5153, withdraw = 5007, new balance = 146
2021-12-04 07:27:00 INFO  [pool-1-thread-1]: Deposit to account id = D9. Balance =  3046, deposit = 5007, new balance = 8053
2021-12-04 07:27:01 INFO  [pool-1-thread-2]: Withdraw to account id = K1. Balance =  13487, withdraw = 2309, new balance = 11178
2021-12-04 07:27:01 INFO  [pool-1-thread-2]: Deposit to account id = D9. Balance =  8053, deposit = 2309, new balance = 10362
2021-12-04 07:27:02 INFO  [pool-1-thread-1]: Withdraw to account id = P8. Balance =  18314, withdraw = 431, new balance = 17883
2021-12-04 07:27:02 INFO  [pool-1-thread-1]: Deposit to account id = D9. Balance =  10362, deposit = 431, new balance = 10793
2021-12-04 07:27:03 INFO  [pool-1-thread-1]: Withdraw to account id = P8. Balance =  17883, withdraw = 8073, new balance = 9810
2021-12-04 07:27:03 INFO  [pool-1-thread-1]: Deposit to account id = K1. Balance =  11178, deposit = 8073, new balance = 19251
2021-12-04 07:27:03 INFO  [pool-1-thread-2]: Withdraw to account id = D9. Balance =  10793, withdraw = 3492, new balance = 7301
2021-12-04 07:27:03 INFO  [pool-1-thread-2]: Deposit to account id = Q0. Balance =  146, deposit = 3492, new balance = 3638
2021-12-04 07:27:05 INFO  [pool-1-thread-2]: Withdraw to account id = P8. Balance =  9810, withdraw = 4693, new balance = 5117
2021-12-04 07:27:05 INFO  [pool-1-thread-2]: Deposit to account id = Q0. Balance =  3638, deposit = 4693, new balance = 8331
2021-12-04 07:27:05 INFO  [pool-1-thread-1]: Withdraw to account id = P8. Balance =  5117, withdraw = 4587, new balance = 530
2021-12-04 07:27:05 INFO  [pool-1-thread-1]: Deposit to account id = Q0. Balance =  8331, deposit = 4587, new balance = 12918
2021-12-04 07:27:06 INFO  [pool-1-thread-1]: Withdraw to account id = Q0. Balance =  12918, withdraw = 1724, new balance = 11194
2021-12-04 07:27:06 INFO  [pool-1-thread-1]: Deposit to account id = K1. Balance =  19251, deposit = 1724, new balance = 20975
2021-12-04 07:27:06 INFO  [pool-1-thread-2]: Withdraw to account id = D9. Balance =  7301, withdraw = 7138, new balance = 163
2021-12-04 07:27:06 INFO  [pool-1-thread-2]: Deposit to account id = Q0. Balance =  11194, deposit = 7138, new balance = 18332
2021-12-04 07:27:07 INFO  [pool-1-thread-1]: Withdraw to account id = K1. Balance =  20975, withdraw = 7940, new balance = 13035
2021-12-04 07:27:07 INFO  [pool-1-thread-1]: Deposit to account id = Q0. Balance =  18332, deposit = 7940, new balance = 26272
2021-12-04 07:27:08 INFO  [pool-1-thread-2]: Withdraw rejected to account id = P8. Balance =  530, withdraw = 9435, not enough funds
2021-12-04 07:27:09 INFO  [pool-1-thread-1]: Withdraw rejected to account id = P8. Balance =  530, withdraw = 2113, not enough funds
2021-12-04 07:27:09 INFO  [pool-1-thread-2]: Withdraw rejected to account id = P8. Balance =  530, withdraw = 1266, not enough funds
2021-12-04 07:27:11 INFO  [pool-1-thread-2]: Withdraw to account id = Q0. Balance =  26272, withdraw = 3964, new balance = 22308
2021-12-04 07:27:11 INFO  [pool-1-thread-2]: Deposit to account id = P8. Balance =  530, deposit = 3964, new balance = 4494
2021-12-04 07:27:11 INFO  [pool-1-thread-1]: Withdraw rejected to account id = D9. Balance =  163, withdraw = 4823, not enough funds
2021-12-04 07:27:12 INFO  [pool-1-thread-1]: Withdraw rejected to account id = D9. Balance =  163, withdraw = 9095, not enough funds
2021-12-04 07:27:13 INFO  [pool-1-thread-2]: Withdraw to account id = P8. Balance =  4494, withdraw = 4325, new balance = 169
2021-12-04 07:27:13 INFO  [pool-1-thread-2]: Deposit to account id = Q0. Balance =  22308, deposit = 4325, new balance = 26633
2021-12-04 07:27:14 INFO  [pool-1-thread-1]: Withdraw to account id = K1. Balance =  13035, withdraw = 38, new balance = 12997
2021-12-04 07:27:14 INFO  [pool-1-thread-1]: Deposit to account id = D9. Balance =  163, deposit = 38, new balance = 201
2021-12-04 07:27:14 INFO  [pool-1-thread-2]: Withdraw to account id = Q0. Balance =  26633, withdraw = 4931, new balance = 21702
2021-12-04 07:27:14 INFO  [pool-1-thread-2]: Deposit to account id = K1. Balance =  12997, deposit = 4931, new balance = 17928
2021-12-04 07:27:16 INFO  [pool-1-thread-1]: Withdraw to account id = K1. Balance =  17928, withdraw = 6028, new balance = 11900
2021-12-04 07:27:16 INFO  [pool-1-thread-1]: Deposit to account id = D9. Balance =  201, deposit = 6028, new balance = 6229
2021-12-04 07:27:16 INFO  [main]: Total amount on all accounts = 40000
2021-12-04 07:27:36 INFO  [main]: Account with id I4 and balance = 10000 was created
2021-12-04 07:27:36 INFO  [main]: Account with id B6 and balance = 10000 was created
2021-12-04 07:27:36 INFO  [main]: Account with id M1 and balance = 10000 was created
2021-12-04 07:27:36 INFO  [main]: Account with id W6 and balance = 10000 was created
2021-12-04 07:27:36 INFO  [main]: Total amount on all accounts = 40000
2021-12-04 07:27:38 INFO  [pool-1-thread-2]: Withdraw to account id = I4. Balance =  10000, withdraw = 5060, new balance = 4940
2021-12-04 07:27:38 INFO  [pool-1-thread-2]: Deposit to account id = B6. Balance =  10000, deposit = 5060, new balance = 15060
2021-12-04 07:27:38 INFO  [pool-1-thread-1]: Withdraw to account id = I4. Balance =  4940, withdraw = 94, new balance = 4846
2021-12-04 07:27:38 INFO  [pool-1-thread-1]: Deposit to account id = B6. Balance =  15060, deposit = 94, new balance = 15154
2021-12-04 07:27:38 INFO  [pool-1-thread-3]: Withdraw to account id = M1. Balance =  10000, withdraw = 9086, new balance = 914
2021-12-04 07:27:38 INFO  [pool-1-thread-3]: Deposit to account id = I4. Balance =  4846, deposit = 9086, new balance = 13932
2021-12-04 07:27:39 INFO  [pool-1-thread-2]: Withdraw to account id = B6. Balance =  15154, withdraw = 8639, new balance = 6515
2021-12-04 07:27:39 INFO  [pool-1-thread-2]: Deposit to account id = M1. Balance =  914, deposit = 8639, new balance = 9553
2021-12-04 07:27:40 INFO  [pool-1-thread-3]: Withdraw to account id = W6. Balance =  10000, withdraw = 4723, new balance = 5277
2021-12-04 07:27:40 INFO  [pool-1-thread-3]: Deposit to account id = B6. Balance =  6515, deposit = 4723, new balance = 11238
2021-12-04 07:27:40 INFO  [pool-1-thread-1]: Withdraw to account id = B6. Balance =  11238, withdraw = 8946, new balance = 2292
2021-12-04 07:27:40 INFO  [pool-1-thread-1]: Deposit to account id = I4. Balance =  13932, deposit = 8946, new balance = 22878
2021-12-04 07:27:41 INFO  [pool-1-thread-3]: Withdraw to account id = I4. Balance =  22878, withdraw = 6032, new balance = 16846
2021-12-04 07:27:41 INFO  [pool-1-thread-3]: Deposit to account id = B6. Balance =  2292, deposit = 6032, new balance = 8324
2021-12-04 07:27:41 INFO  [pool-1-thread-2]: Withdraw rejected to account id = B6. Balance =  8324, withdraw = 9017, not enough funds
2021-12-04 07:27:42 INFO  [pool-1-thread-1]: Withdraw to account id = I4. Balance =  16846, withdraw = 3946, new balance = 12900
2021-12-04 07:27:42 INFO  [pool-1-thread-1]: Deposit to account id = M1. Balance =  9553, deposit = 3946, new balance = 13499
2021-12-04 07:27:43 INFO  [pool-1-thread-3]: Withdraw to account id = B6. Balance =  8324, withdraw = 1014, new balance = 7310
2021-12-04 07:27:43 INFO  [pool-1-thread-3]: Deposit to account id = I4. Balance =  12900, deposit = 1014, new balance = 13914
2021-12-04 07:27:43 INFO  [pool-1-thread-2]: Withdraw to account id = I4. Balance =  13914, withdraw = 5831, new balance = 8083
2021-12-04 07:27:43 INFO  [pool-1-thread-2]: Deposit to account id = M1. Balance =  13499, deposit = 5831, new balance = 19330
2021-12-04 07:27:43 INFO  [pool-1-thread-1]: Withdraw rejected to account id = W6. Balance =  5277, withdraw = 7244, not enough funds
2021-12-04 07:27:44 INFO  [pool-1-thread-3]: Withdraw rejected to account id = W6. Balance =  5277, withdraw = 8503, not enough funds
2021-12-04 07:27:45 INFO  [pool-1-thread-2]: Withdraw to account id = I4. Balance =  8083, withdraw = 5992, new balance = 2091
2021-12-04 07:27:45 INFO  [pool-1-thread-2]: Deposit to account id = W6. Balance =  5277, deposit = 5992, new balance = 11269
2021-12-04 07:27:45 INFO  [pool-1-thread-1]: Withdraw to account id = W6. Balance =  11269, withdraw = 4797, new balance = 6472
2021-12-04 07:27:45 INFO  [pool-1-thread-1]: Deposit to account id = B6. Balance =  7310, deposit = 4797, new balance = 12107
2021-12-04 07:27:45 INFO  [pool-1-thread-3]: Withdraw to account id = B6. Balance =  12107, withdraw = 6465, new balance = 5642
2021-12-04 07:27:45 INFO  [pool-1-thread-3]: Deposit to account id = M1. Balance =  19330, deposit = 6465, new balance = 25795
2021-12-04 07:27:46 INFO  [pool-1-thread-2]: Withdraw to account id = M1. Balance =  25795, withdraw = 8647, new balance = 17148
2021-12-04 07:27:46 INFO  [pool-1-thread-2]: Deposit to account id = W6. Balance =  6472, deposit = 8647, new balance = 15119
2021-12-04 07:27:47 INFO  [pool-1-thread-1]: Withdraw rejected to account id = I4. Balance =  2091, withdraw = 3525, not enough funds
2021-12-04 07:27:47 INFO  [pool-1-thread-3]: Withdraw to account id = M1. Balance =  17148, withdraw = 6530, new balance = 10618
2021-12-04 07:27:47 INFO  [pool-1-thread-3]: Deposit to account id = B6. Balance =  5642, deposit = 6530, new balance = 12172
2021-12-04 07:27:48 INFO  [pool-1-thread-2]: Withdraw to account id = B6. Balance =  12172, withdraw = 1070, new balance = 11102
2021-12-04 07:27:48 INFO  [pool-1-thread-2]: Deposit to account id = M1. Balance =  10618, deposit = 1070, new balance = 11688
2021-12-04 07:27:48 INFO  [pool-1-thread-3]: Withdraw to account id = B6. Balance =  11102, withdraw = 5354, new balance = 5748
2021-12-04 07:27:48 INFO  [pool-1-thread-3]: Deposit to account id = M1. Balance =  11688, deposit = 5354, new balance = 17042
2021-12-04 07:27:49 INFO  [pool-1-thread-1]: Withdraw to account id = W6. Balance =  15119, withdraw = 9377, new balance = 5742
2021-12-04 07:27:49 INFO  [pool-1-thread-1]: Deposit to account id = I4. Balance =  2091, deposit = 9377, new balance = 11468
2021-12-04 07:27:49 INFO  [pool-1-thread-2]: Withdraw rejected to account id = B6. Balance =  5748, withdraw = 6208, not enough funds
2021-12-04 07:27:50 INFO  [pool-1-thread-1]: Withdraw rejected to account id = W6. Balance =  5742, withdraw = 8710, not enough funds
2021-12-04 07:27:50 INFO  [pool-1-thread-3]: Withdraw to account id = M1. Balance =  17042, withdraw = 8985, new balance = 8057
2021-12-04 07:27:50 INFO  [pool-1-thread-3]: Deposit to account id = I4. Balance =  11468, deposit = 8985, new balance = 20453
2021-12-04 07:27:50 INFO  [pool-1-thread-2]: Withdraw to account id = I4. Balance =  20453, withdraw = 8262, new balance = 12191
2021-12-04 07:27:50 INFO  [pool-1-thread-2]: Deposit to account id = B6. Balance =  5748, deposit = 8262, new balance = 14010
2021-12-04 07:27:51 INFO  [pool-1-thread-1]: Withdraw to account id = B6. Balance =  14010, withdraw = 6959, new balance = 7051
2021-12-04 07:27:51 INFO  [pool-1-thread-1]: Deposit to account id = I4. Balance =  12191, deposit = 6959, new balance = 19150
2021-12-04 07:27:52 INFO  [pool-1-thread-2]: Withdraw to account id = M1. Balance =  8057, withdraw = 4073, new balance = 3984
2021-12-04 07:27:52 INFO  [pool-1-thread-2]: Deposit to account id = I4. Balance =  19150, deposit = 4073, new balance = 23223
2021-12-04 07:27:52 INFO  [pool-1-thread-3]: Withdraw to account id = W6. Balance =  5742, withdraw = 50, new balance = 5692
2021-12-04 07:27:52 INFO  [pool-1-thread-3]: Deposit to account id = B6. Balance =  7051, deposit = 50, new balance = 7101
2021-12-04 07:27:53 INFO  [pool-1-thread-1]: Withdraw rejected to account id = W6. Balance =  5692, withdraw = 6665, not enough funds
2021-12-04 07:27:53 INFO  [main]: Total amount on all accounts = 40000
